{
"C:\\Users\\tidu\\Documents\\TableauDeBordQualite\\QualityDashboard\\packages\\Quality\\jobs\\Project\\test\\test-Project.js":{"path":"C:\\Users\\tidu\\Documents\\TableauDeBordQualite\\QualityDashboard\\packages\\Quality\\jobs\\Project\\test\\test-Project.js","s":{"1":0,"2":0,"3":0,"4":0,"5":0,"6":0,"7":0,"8":0,"9":0,"10":0,"11":0,"12":0,"13":0,"14":0},"b":{},"f":{"1":0,"2":0,"3":0,"4":0,"5":0,"6":0},"fnMap":{"1":{"name":"(anonymous_1)","line":11,"loc":{"start":{"line":11,"column":11},"end":{"line":11,"column":34}}},"2":{"name":"(anonymous_2)","line":17,"loc":{"start":{"line":17,"column":24},"end":{"line":17,"column":34}}},"3":{"name":"(anonymous_3)","line":20,"loc":{"start":{"line":20,"column":37},"end":{"line":20,"column":47}}},"4":{"name":"(anonymous_4)","line":22,"loc":{"start":{"line":22,"column":49},"end":{"line":22,"column":67}}},"5":{"name":"(anonymous_5)","line":27,"loc":{"start":{"line":27,"column":54},"end":{"line":27,"column":64}}},"6":{"name":"(anonymous_6)","line":29,"loc":{"start":{"line":29,"column":46},"end":{"line":29,"column":64}}}},"statementMap":{"1":{"start":{"line":1,"column":0},"end":{"line":1,"column":32}},"2":{"start":{"line":2,"column":0},"end":{"line":2,"column":40}},"3":{"start":{"line":4,"column":0},"end":{"line":4,"column":37}},"4":{"start":{"line":8,"column":2},"end":{"line":15,"column":4}},"5":{"start":{"line":12,"column":5},"end":{"line":12,"column":18}},"6":{"start":{"line":17,"column":0},"end":{"line":33,"column":3}},"7":{"start":{"line":20,"column":1},"end":{"line":25,"column":4}},"8":{"start":{"line":21,"column":2},"end":{"line":21,"column":37}},"9":{"start":{"line":22,"column":2},"end":{"line":24,"column":5}},"10":{"start":{"line":23,"column":3},"end":{"line":23,"column":45}},"11":{"start":{"line":27,"column":1},"end":{"line":32,"column":4}},"12":{"start":{"line":28,"column":2},"end":{"line":28,"column":18}},"13":{"start":{"line":29,"column":2},"end":{"line":31,"column":5}},"14":{"start":{"line":30,"column":3},"end":{"line":30,"column":40}}},"branchMap":{},"l":{"1":0,"2":0,"4":0,"8":0,"12":0,"17":0,"20":0,"21":0,"22":0,"23":0,"27":0,"28":0,"29":0,"30":0}},
"C:\\Users\\tidu\\Documents\\TableauDeBordQualite\\QualityDashboard\\packages\\Quality\\jobs\\SonarQube\\test\\test-SonarQube.js":{"path":"C:\\Users\\tidu\\Documents\\TableauDeBordQualite\\QualityDashboard\\packages\\Quality\\jobs\\SonarQube\\test\\test-SonarQube.js","s":{"1":0,"2":0,"3":0,"4":0,"5":0,"6":0,"7":0,"8":0,"9":0,"10":0,"11":0,"12":0,"13":0,"14":0,"15":0,"16":0,"17":0,"18":0,"19":0,"20":0,"21":0,"22":0,"23":0,"24":0,"25":0,"26":0,"27":0,"28":0,"29":0,"30":0,"31":0,"32":0,"33":0,"34":0,"35":0,"36":0,"37":0,"38":0,"39":0,"40":0,"41":0,"42":0,"43":0,"44":0,"45":0},"b":{},"f":{"1":0,"2":0,"3":0,"4":0,"5":0,"6":0,"7":0,"8":0,"9":0,"10":0,"11":0,"12":0,"13":0,"14":0,"15":0,"16":0,"17":0,"18":0,"19":0,"20":0,"21":0,"22":0,"23":0},"fnMap":{"1":{"name":"(anonymous_1)","line":9,"loc":{"start":{"line":9,"column":26},"end":{"line":9,"column":36}}},"2":{"name":"(anonymous_2)","line":15,"loc":{"start":{"line":15,"column":11},"end":{"line":15,"column":34}}},"3":{"name":"(anonymous_3)","line":22,"loc":{"start":{"line":22,"column":27},"end":{"line":22,"column":37}}},"4":{"name":"(anonymous_4)","line":29,"loc":{"start":{"line":29,"column":39},"end":{"line":29,"column":49}}},"5":{"name":"(anonymous_5)","line":31,"loc":{"start":{"line":31,"column":49},"end":{"line":31,"column":67}}},"6":{"name":"(anonymous_6)","line":38,"loc":{"start":{"line":38,"column":68},"end":{"line":38,"column":78}}},"7":{"name":"(anonymous_7)","line":39,"loc":{"start":{"line":39,"column":49},"end":{"line":39,"column":67}}},"8":{"name":"(anonymous_8)","line":45,"loc":{"start":{"line":45,"column":31},"end":{"line":45,"column":41}}},"9":{"name":"(anonymous_9)","line":46,"loc":{"start":{"line":46,"column":13},"end":{"line":46,"column":23}}},"10":{"name":"(anonymous_10)","line":49,"loc":{"start":{"line":49,"column":12},"end":{"line":49,"column":32}}},"11":{"name":"(anonymous_11)","line":74,"loc":{"start":{"line":74,"column":64},"end":{"line":74,"column":74}}},"12":{"name":"(anonymous_12)","line":75,"loc":{"start":{"line":75,"column":49},"end":{"line":75,"column":67}}},"13":{"name":"(anonymous_13)","line":82,"loc":{"start":{"line":82,"column":56},"end":{"line":82,"column":66}}},"14":{"name":"(anonymous_14)","line":83,"loc":{"start":{"line":83,"column":49},"end":{"line":83,"column":67}}},"15":{"name":"(anonymous_15)","line":93,"loc":{"start":{"line":93,"column":73},"end":{"line":93,"column":83}}},"16":{"name":"(anonymous_16)","line":96,"loc":{"start":{"line":96,"column":12},"end":{"line":96,"column":32}}},"17":{"name":"(anonymous_17)","line":103,"loc":{"start":{"line":103,"column":49},"end":{"line":103,"column":67}}},"18":{"name":"(anonymous_18)","line":108,"loc":{"start":{"line":108,"column":49},"end":{"line":108,"column":59}}},"19":{"name":"(anonymous_19)","line":111,"loc":{"start":{"line":111,"column":12},"end":{"line":111,"column":32}}},"20":{"name":"(anonymous_20)","line":119,"loc":{"start":{"line":119,"column":49},"end":{"line":119,"column":67}}},"21":{"name":"(anonymous_21)","line":127,"loc":{"start":{"line":127,"column":70},"end":{"line":127,"column":80}}},"22":{"name":"(anonymous_22)","line":131,"loc":{"start":{"line":131,"column":12},"end":{"line":131,"column":32}}},"23":{"name":"(anonymous_23)","line":138,"loc":{"start":{"line":138,"column":49},"end":{"line":138,"column":67}}}},"statementMap":{"1":{"start":{"line":5,"column":0},"end":{"line":5,"column":32}},"2":{"start":{"line":6,"column":0},"end":{"line":6,"column":44}},"3":{"start":{"line":7,"column":0},"end":{"line":7,"column":30}},"4":{"start":{"line":9,"column":0},"end":{"line":149,"column":3}},"5":{"start":{"line":12,"column":2},"end":{"line":19,"column":4}},"6":{"start":{"line":16,"column":5},"end":{"line":16,"column":18}},"7":{"start":{"line":22,"column":1},"end":{"line":43,"column":4}},"8":{"start":{"line":24,"column":2},"end":{"line":26,"column":30}},"9":{"start":{"line":29,"column":2},"end":{"line":35,"column":4}},"10":{"start":{"line":31,"column":3},"end":{"line":34,"column":6}},"11":{"start":{"line":32,"column":4},"end":{"line":32,"column":43}},"12":{"start":{"line":38,"column":2},"end":{"line":42,"column":5}},"13":{"start":{"line":39,"column":3},"end":{"line":41,"column":6}},"14":{"start":{"line":40,"column":4},"end":{"line":40,"column":38}},"15":{"start":{"line":45,"column":1},"end":{"line":147,"column":4}},"16":{"start":{"line":46,"column":2},"end":{"line":71,"column":5}},"17":{"start":{"line":47,"column":3},"end":{"line":62,"column":4}},"18":{"start":{"line":50,"column":6},"end":{"line":59,"column":12}},"19":{"start":{"line":64,"column":3},"end":{"line":69,"column":10}},"20":{"start":{"line":70,"column":3},"end":{"line":70,"column":37}},"21":{"start":{"line":74,"column":2},"end":{"line":80,"column":5}},"22":{"start":{"line":75,"column":3},"end":{"line":78,"column":6}},"23":{"start":{"line":76,"column":4},"end":{"line":76,"column":44}},"24":{"start":{"line":77,"column":4},"end":{"line":77,"column":43}},"25":{"start":{"line":82,"column":2},"end":{"line":91,"column":5}},"26":{"start":{"line":83,"column":3},"end":{"line":89,"column":6}},"27":{"start":{"line":84,"column":4},"end":{"line":88,"column":12}},"28":{"start":{"line":93,"column":2},"end":{"line":106,"column":5}},"29":{"start":{"line":94,"column":3},"end":{"line":102,"column":4}},"30":{"start":{"line":97,"column":6},"end":{"line":99,"column":12}},"31":{"start":{"line":103,"column":3},"end":{"line":105,"column":6}},"32":{"start":{"line":104,"column":4},"end":{"line":104,"column":42}},"33":{"start":{"line":108,"column":2},"end":{"line":125,"column":5}},"34":{"start":{"line":109,"column":3},"end":{"line":117,"column":4}},"35":{"start":{"line":112,"column":6},"end":{"line":114,"column":12}},"36":{"start":{"line":119,"column":3},"end":{"line":122,"column":6}},"37":{"start":{"line":120,"column":4},"end":{"line":120,"column":46}},"38":{"start":{"line":121,"column":4},"end":{"line":121,"column":48}},"39":{"start":{"line":127,"column":2},"end":{"line":144,"column":5}},"40":{"start":{"line":129,"column":3},"end":{"line":136,"column":4}},"41":{"start":{"line":132,"column":6},"end":{"line":133,"column":94}},"42":{"start":{"line":138,"column":3},"end":{"line":142,"column":6}},"43":{"start":{"line":139,"column":4},"end":{"line":139,"column":42}},"44":{"start":{"line":140,"column":4},"end":{"line":140,"column":44}},"45":{"start":{"line":141,"column":4},"end":{"line":141,"column":42}}},"branchMap":{},"l":{"5":0,"6":0,"7":0,"9":0,"12":0,"16":0,"22":0,"24":0,"29":0,"31":0,"32":0,"38":0,"39":0,"40":0,"45":0,"46":0,"47":0,"50":0,"64":0,"70":0,"74":0,"75":0,"76":0,"77":0,"82":0,"83":0,"84":0,"93":0,"94":0,"97":0,"103":0,"104":0,"108":0,"109":0,"112":0,"119":0,"120":0,"121":0,"127":0,"129":0,"132":0,"138":0,"139":0,"140":0,"141":0}},
"C:\\Users\\tidu\\Documents\\TableauDeBordQualite\\QualityDashboard\\packages\\Quality\\jobs\\Project\\Project.js":{"path":"C:\\Users\\tidu\\Documents\\TableauDeBordQualite\\QualityDashboard\\packages\\Quality\\jobs\\Project\\Project.js","s":{"1":1,"2":2},"b":{},"f":{"1":2},"fnMap":{"1":{"name":"(anonymous_1)","line":3,"loc":{"start":{"line":3,"column":8},"end":{"line":3,"column":53}}}},"statementMap":{"1":{"start":{"line":1,"column":0},"end":{"line":8,"column":2}},"2":{"start":{"line":5,"column":2},"end":{"line":5,"column":48}}},"branchMap":{},"l":{"1":1,"5":2}},
"C:\\Users\\tidu\\Documents\\TableauDeBordQualite\\QualityDashboard\\packages\\Quality\\jobs\\SonarQube\\SonarQube.js":{"path":"C:\\Users\\tidu\\Documents\\TableauDeBordQualite\\QualityDashboard\\packages\\Quality\\jobs\\SonarQube\\SonarQube.js","s":{"1":1,"2":7,"3":7,"4":7,"5":7,"6":7,"7":5,"8":5,"9":5,"10":7,"11":7,"12":2,"13":2,"14":7,"15":7,"16":7,"17":7,"18":7,"19":7,"20":5,"21":5,"22":5,"23":5,"24":2,"25":5,"26":7,"27":7,"28":7,"29":7,"30":7,"31":2,"32":1,"33":2,"34":7,"35":7,"36":7,"37":7,"38":7,"39":2,"40":1,"41":2,"42":1,"43":5,"44":7},"b":{"1":[5,2],"2":[2,5],"3":[5,0],"4":[2,0],"5":[2,5],"6":[1,1],"7":[2,5],"8":[1,1]},"f":{"1":7,"2":5,"3":7,"4":2,"5":5,"6":5,"7":7,"8":2,"9":7,"10":2},"fnMap":{"1":{"name":"(anonymous_1)","line":4,"loc":{"start":{"line":4,"column":8},"end":{"line":4,"column":53}}},"2":{"name":"(anonymous_2)","line":20,"loc":{"start":{"line":20,"column":16},"end":{"line":20,"column":32}}},"3":{"name":"(anonymous_3)","line":26,"loc":{"start":{"line":26,"column":40},"end":{"line":26,"column":59}}},"4":{"name":"(anonymous_4)","line":28,"loc":{"start":{"line":28,"column":37},"end":{"line":28,"column":53}}},"5":{"name":"(anonymous_5)","line":56,"loc":{"start":{"line":56,"column":16},"end":{"line":56,"column":34}}},"6":{"name":"(anonymous_6)","line":58,"loc":{"start":{"line":58,"column":42},"end":{"line":58,"column":61}}},"7":{"name":"(anonymous_7)","line":74,"loc":{"start":{"line":74,"column":47},"end":{"line":74,"column":65}}},"8":{"name":"(anonymous_8)","line":78,"loc":{"start":{"line":78,"column":27},"end":{"line":78,"column":41}}},"9":{"name":"(anonymous_9)","line":91,"loc":{"start":{"line":91,"column":41},"end":{"line":91,"column":59}}},"10":{"name":"(anonymous_10)","line":94,"loc":{"start":{"line":94,"column":28},"end":{"line":94,"column":42}}}},"statementMap":{"1":{"start":{"line":1,"column":0},"end":{"line":110,"column":2}},"2":{"start":{"line":13,"column":2},"end":{"line":13,"column":24}},"3":{"start":{"line":14,"column":2},"end":{"line":14,"column":11}},"4":{"start":{"line":15,"column":2},"end":{"line":15,"column":31}},"5":{"start":{"line":16,"column":2},"end":{"line":16,"column":69}},"6":{"start":{"line":19,"column":2},"end":{"line":24,"column":3}},"7":{"start":{"line":20,"column":3},"end":{"line":22,"column":8}},"8":{"start":{"line":21,"column":6},"end":{"line":21,"column":37}},"9":{"start":{"line":23,"column":5},"end":{"line":23,"column":52}},"10":{"start":{"line":26,"column":2},"end":{"line":32,"column":5}},"11":{"start":{"line":27,"column":3},"end":{"line":31,"column":4}},"12":{"start":{"line":28,"column":5},"end":{"line":30,"column":8}},"13":{"start":{"line":29,"column":6},"end":{"line":29,"column":23}},"14":{"start":{"line":40,"column":2},"end":{"line":40,"column":28}},"15":{"start":{"line":41,"column":2},"end":{"line":41,"column":15}},"16":{"start":{"line":42,"column":2},"end":{"line":42,"column":18}},"17":{"start":{"line":43,"column":2},"end":{"line":43,"column":29}},"18":{"start":{"line":55,"column":2},"end":{"line":68,"column":3}},"19":{"start":{"line":56,"column":3},"end":{"line":65,"column":6}},"20":{"start":{"line":57,"column":4},"end":{"line":57,"column":78}},"21":{"start":{"line":58,"column":4},"end":{"line":64,"column":7}},"22":{"start":{"line":59,"column":5},"end":{"line":63,"column":6}},"23":{"start":{"line":60,"column":6},"end":{"line":62,"column":7}},"24":{"start":{"line":61,"column":8},"end":{"line":61,"column":49}},"25":{"start":{"line":67,"column":4},"end":{"line":67,"column":16}},"26":{"start":{"line":71,"column":2},"end":{"line":71,"column":32}},"27":{"start":{"line":72,"column":2},"end":{"line":72,"column":19}},"28":{"start":{"line":73,"column":2},"end":{"line":73,"column":84}},"29":{"start":{"line":74,"column":2},"end":{"line":108,"column":4}},"30":{"start":{"line":76,"column":3},"end":{"line":82,"column":4}},"31":{"start":{"line":77,"column":4},"end":{"line":81,"column":5}},"32":{"start":{"line":78,"column":5},"end":{"line":80,"column":11}},"33":{"start":{"line":79,"column":9},"end":{"line":79,"column":37}},"34":{"start":{"line":88,"column":3},"end":{"line":88,"column":89}},"35":{"start":{"line":89,"column":3},"end":{"line":89,"column":35}},"36":{"start":{"line":90,"column":3},"end":{"line":90,"column":22}},"37":{"start":{"line":91,"column":3},"end":{"line":107,"column":5}},"38":{"start":{"line":92,"column":4},"end":{"line":102,"column":5}},"39":{"start":{"line":93,"column":5},"end":{"line":99,"column":6}},"40":{"start":{"line":94,"column":6},"end":{"line":96,"column":9}},"41":{"start":{"line":95,"column":7},"end":{"line":95,"column":37}},"42":{"start":{"line":98,"column":5},"end":{"line":98,"column":22}},"43":{"start":{"line":101,"column":5},"end":{"line":101,"column":22}},"44":{"start":{"line":104,"column":4},"end":{"line":106,"column":87}}},"branchMap":{"1":{"line":19,"type":"if","locations":[{"start":{"line":19,"column":2},"end":{"line":19,"column":2}},{"start":{"line":19,"column":2},"end":{"line":19,"column":2}}]},"2":{"line":27,"type":"if","locations":[{"start":{"line":27,"column":3},"end":{"line":27,"column":3}},{"start":{"line":27,"column":3},"end":{"line":27,"column":3}}]},"3":{"line":59,"type":"if","locations":[{"start":{"line":59,"column":5},"end":{"line":59,"column":5}},{"start":{"line":59,"column":5},"end":{"line":59,"column":5}}]},"4":{"line":60,"type":"if","locations":[{"start":{"line":60,"column":6},"end":{"line":60,"column":6}},{"start":{"line":60,"column":6},"end":{"line":60,"column":6}}]},"5":{"line":76,"type":"if","locations":[{"start":{"line":76,"column":3},"end":{"line":76,"column":3}},{"start":{"line":76,"column":3},"end":{"line":76,"column":3}}]},"6":{"line":77,"type":"if","locations":[{"start":{"line":77,"column":4},"end":{"line":77,"column":4}},{"start":{"line":77,"column":4},"end":{"line":77,"column":4}}]},"7":{"line":92,"type":"if","locations":[{"start":{"line":92,"column":4},"end":{"line":92,"column":4}},{"start":{"line":92,"column":4},"end":{"line":92,"column":4}}]},"8":{"line":93,"type":"if","locations":[{"start":{"line":93,"column":5},"end":{"line":93,"column":5}},{"start":{"line":93,"column":5},"end":{"line":93,"column":5}}]}},"l":{"1":1,"13":7,"14":7,"15":7,"16":7,"19":7,"20":5,"21":5,"23":5,"26":7,"27":7,"28":2,"29":2,"40":7,"41":7,"42":7,"43":7,"55":7,"56":7,"57":5,"58":5,"59":5,"60":5,"61":2,"67":5,"71":7,"72":7,"73":7,"74":7,"76":7,"77":2,"78":1,"79":2,"88":7,"89":7,"90":7,"91":7,"92":7,"93":2,"94":1,"95":2,"98":1,"101":5,"104":7}}}
