TN:
SF:C:\Users\tidu\Documents\TableauDeBordQualite\QualityDashboard\packages\Quality\jobs\Project\test\test-Project.js
FN:11,(anonymous_1)
FN:17,(anonymous_2)
FN:20,(anonymous_3)
FN:22,(anonymous_4)
FN:27,(anonymous_5)
FN:29,(anonymous_6)
FNF:6
FNH:0
FNDA:0,(anonymous_1)
FNDA:0,(anonymous_2)
FNDA:0,(anonymous_3)
FNDA:0,(anonymous_4)
FNDA:0,(anonymous_5)
FNDA:0,(anonymous_6)
DA:1,0
DA:2,0
DA:4,0
DA:8,0
DA:12,0
DA:17,0
DA:20,0
DA:21,0
DA:22,0
DA:23,0
DA:27,0
DA:28,0
DA:29,0
DA:30,0
LF:14
LH:0
BRF:0
BRH:0
end_of_record
TN:
SF:C:\Users\tidu\Documents\TableauDeBordQualite\QualityDashboard\packages\Quality\jobs\SonarQube\test\test-SonarQube.js
FN:9,(anonymous_1)
FN:15,(anonymous_2)
FN:22,(anonymous_3)
FN:29,(anonymous_4)
FN:31,(anonymous_5)
FN:38,(anonymous_6)
FN:39,(anonymous_7)
FN:45,(anonymous_8)
FN:46,(anonymous_9)
FN:49,(anonymous_10)
FN:74,(anonymous_11)
FN:75,(anonymous_12)
FN:82,(anonymous_13)
FN:83,(anonymous_14)
FN:93,(anonymous_15)
FN:96,(anonymous_16)
FN:103,(anonymous_17)
FN:108,(anonymous_18)
FN:111,(anonymous_19)
FN:119,(anonymous_20)
FN:127,(anonymous_21)
FN:131,(anonymous_22)
FN:138,(anonymous_23)
FNF:23
FNH:0
FNDA:0,(anonymous_1)
FNDA:0,(anonymous_2)
FNDA:0,(anonymous_3)
FNDA:0,(anonymous_4)
FNDA:0,(anonymous_5)
FNDA:0,(anonymous_6)
FNDA:0,(anonymous_7)
FNDA:0,(anonymous_8)
FNDA:0,(anonymous_9)
FNDA:0,(anonymous_10)
FNDA:0,(anonymous_11)
FNDA:0,(anonymous_12)
FNDA:0,(anonymous_13)
FNDA:0,(anonymous_14)
FNDA:0,(anonymous_15)
FNDA:0,(anonymous_16)
FNDA:0,(anonymous_17)
FNDA:0,(anonymous_18)
FNDA:0,(anonymous_19)
FNDA:0,(anonymous_20)
FNDA:0,(anonymous_21)
FNDA:0,(anonymous_22)
FNDA:0,(anonymous_23)
DA:5,0
DA:6,0
DA:7,0
DA:9,0
DA:12,0
DA:16,0
DA:22,0
DA:24,0
DA:29,0
DA:31,0
DA:32,0
DA:38,0
DA:39,0
DA:40,0
DA:45,0
DA:46,0
DA:47,0
DA:50,0
DA:64,0
DA:70,0
DA:74,0
DA:75,0
DA:76,0
DA:77,0
DA:82,0
DA:83,0
DA:84,0
DA:93,0
DA:94,0
DA:97,0
DA:103,0
DA:104,0
DA:108,0
DA:109,0
DA:112,0
DA:119,0
DA:120,0
DA:121,0
DA:127,0
DA:129,0
DA:132,0
DA:138,0
DA:139,0
DA:140,0
DA:141,0
LF:45
LH:0
BRF:0
BRH:0
end_of_record
TN:
SF:C:\Users\tidu\Documents\TableauDeBordQualite\QualityDashboard\packages\Quality\jobs\Project\Project.js
FN:3,(anonymous_1)
FNF:1
FNH:1
FNDA:2,(anonymous_1)
DA:1,1
DA:5,2
LF:2
LH:2
BRF:0
BRH:0
end_of_record
TN:
SF:C:\Users\tidu\Documents\TableauDeBordQualite\QualityDashboard\packages\Quality\jobs\SonarQube\SonarQube.js
FN:4,(anonymous_1)
FN:20,(anonymous_2)
FN:26,(anonymous_3)
FN:28,(anonymous_4)
FN:56,(anonymous_5)
FN:58,(anonymous_6)
FN:74,(anonymous_7)
FN:78,(anonymous_8)
FN:91,(anonymous_9)
FN:94,(anonymous_10)
FNF:10
FNH:10
FNDA:7,(anonymous_1)
FNDA:5,(anonymous_2)
FNDA:7,(anonymous_3)
FNDA:2,(anonymous_4)
FNDA:5,(anonymous_5)
FNDA:5,(anonymous_6)
FNDA:7,(anonymous_7)
FNDA:2,(anonymous_8)
FNDA:7,(anonymous_9)
FNDA:2,(anonymous_10)
DA:1,1
DA:13,7
DA:14,7
DA:15,7
DA:16,7
DA:19,7
DA:20,5
DA:21,5
DA:23,5
DA:26,7
DA:27,7
DA:28,2
DA:29,2
DA:40,7
DA:41,7
DA:42,7
DA:43,7
DA:55,7
DA:56,7
DA:57,5
DA:58,5
DA:59,5
DA:60,5
DA:61,2
DA:67,5
DA:71,7
DA:72,7
DA:73,7
DA:74,7
DA:76,7
DA:77,2
DA:78,1
DA:79,2
DA:88,7
DA:89,7
DA:90,7
DA:91,7
DA:92,7
DA:93,2
DA:94,1
DA:95,2
DA:98,1
DA:101,5
DA:104,7
LF:44
LH:44
BRDA:19,1,0,5
BRDA:19,1,1,2
BRDA:27,2,0,2
BRDA:27,2,1,5
BRDA:59,3,0,5
BRDA:59,3,1,0
BRDA:60,4,0,2
BRDA:60,4,1,0
BRDA:76,5,0,2
BRDA:76,5,1,5
BRDA:77,6,0,1
BRDA:77,6,1,1
BRDA:92,7,0,2
BRDA:92,7,1,5
BRDA:93,8,0,1
BRDA:93,8,1,1
BRF:16
BRH:14
end_of_record
